# JRE version: Java(TM) SE Runtime Environment (20.0.1+9) (build 20.0.1+9-29)
# Java VM: Java HotSpot(TM) 64-Bit Server VM (20.0.1+9-29, mixed mode, sharing, tiered, compressed oops, compressed class ptrs, g1 gc, windows-amd64)
GC Precious Log:
 CardTable entry size: 512
 Card Set container configuration: InlinePtr #cards 5 size 8 Array Of Cards #cards 12 size 40 Howl #buckets 4 coarsen threshold 1843 Howl Bitmap #cards 512 size 80 coarsen threshold 460 Card regions per heap region 1 cards per card region 2048
 CPUs: 4 total, 4 available
 Memory: 4012M
 Large Page Support: Disabled
 NUMA Support: Disabled
 Compressed Oops: Enabled (32-bit)
 Heap Region Size: 1M
 Heap Min Capacity: 8M
 Heap Initial Capacity: 64M
 Heap Max Capacity: 1004M
 Pre-touch: Disabled
 Parallel Workers: 4
 Concurrent Workers: 1
 Concurrent Refinement Workers: 4
 Periodic GC: Disabled
Heap:
 garbage-first heap   total 175104K, used 28796K [0x00000000c1400000, 0x0000000100000000)
  region size 1024K, 1 young (1024K), 1 survivors (1024K)
 Metaspace       used 73870K, committed 74816K, reserved 1114112K
  class space    used 9699K, committed 10112K, reserved 1048576K
GC Heap History (20 events):
Event: 5758.029 GC heap after
{Heap after GC invocations=90 (full 0):
 garbage-first heap   total 106496K, used 29108K [0x00000000c1400000, 0x0000000100000000)
  region size 1024K, 1 young (1024K), 1 survivors (1024K)
 Metaspace       used 73870K, committed 74816K, reserved 1114112K
  class space    used 9699K, committed 10112K, reserved 1048576K
}
Event: 5829.139 GC heap before
{Heap before GC invocations=91 (full 0):
 garbage-first heap   total 106496K, used 33204K [0x00000000c1400000, 0x0000000100000000)
  region size 1024K, 5 young (5120K), 1 survivors (1024K)
 Metaspace       used 73870K, committed 74816K, reserved 1114112K
  class space    used 9699K, committed 10112K, reserved 1048576K
}
Event: 5829.147 GC heap after
{Heap after GC invocations=92 (full 0):
 garbage-first heap   total 106496K, used 29094K [0x00000000c1400000, 0x0000000100000000)
  region size 1024K, 1 young (1024K), 1 survivors (1024K)
 Metaspace       used 73870K, committed 74816K, reserved 1114112K
  class space    used 9699K, committed 10112K, reserved 1048576K
}
Event: 5901.353 GC heap before
{Heap before GC invocations=92 (full 0):
 garbage-first heap   total 106496K, used 33190K [0x00000000c1400000, 0x0000000100000000)
  region size 1024K, 5 young (5120K), 1 survivors (1024K)
 Metaspace       used 73870K, committed 74816K, reserved 1114112K
  class space    used 9699K, committed 10112K, reserved 1048576K
}
Event: 5903.674 GC heap after
{Heap after GC invocations=93 (full 0):
 garbage-first heap   total 106496K, used 29083K [0x00000000c1400000, 0x0000000100000000)
  region size 1024K, 1 young (1024K), 1 survivors (1024K)
 Metaspace       used 73870K, committed 74816K, reserved 1114112K
  class space    used 9699K, committed 10112K, reserved 1048576K
}
Event: 5974.875 GC heap before
{Heap before GC invocations=93 (full 0):
 garbage-first heap   total 106496K, used 33179K [0x00000000c1400000, 0x0000000100000000)
  region size 1024K, 5 young (5120K), 1 survivors (1024K)
 Metaspace       used 73870K, committed 74816K, reserved 1114112K
  class space    used 9699K, committed 10112K, reserved 1048576K
}
Event: 5976.909 GC heap after
{Heap after GC invocations=94 (full 0):
 garbage-first heap   total 128000K, used 28898K [0x00000000c1400000, 0x0000000100000000)
  region size 1024K, 1 young (1024K), 1 survivors (1024K)
 Metaspace       used 73870K, committed 74816K, reserved 1114112K
  class space    used 9699K, committed 10112K, reserved 1048576K
}
Event: 6065.712 GC heap before
{Heap before GC invocations=94 (full 0):
 garbage-first heap   total 128000K, used 34018K [0x00000000c1400000, 0x0000000100000000)
  region size 1024K, 6 young (6144K), 1 survivors (1024K)
 Metaspace       used 73870K, committed 74816K, reserved 1114112K
  class space    used 9699K, committed 10112K, reserved 1048576K
}
Event: 6065.914 GC heap after
{Heap after GC invocations=95 (full 0):
 garbage-first heap   total 128000K, used 28897K [0x00000000c1400000, 0x0000000100000000)
  region size 1024K, 1 young (1024K), 1 survivors (1024K)
 Metaspace       used 73870K, committed 74816K, reserved 1114112K
  class space    used 9699K, committed 10112K, reserved 1048576K
}
Event: 6138.296 GC heap before
{Heap before GC invocations=96 (full 0):
 garbage-first heap   total 106496K, used 32993K [0x00000000c1400000, 0x0000000100000000)
  region size 1024K, 5 young (5120K), 1 survivors (1024K)
 Metaspace       used 73870K, committed 74816K, reserved 1114112K
  class space    used 9699K, committed 10112K, reserved 1048576K
}
Event: 6140.028 GC heap after
{Heap after GC invocations=97 (full 0):
 garbage-first heap   total 106496K, used 28896K [0x00000000c1400000, 0x0000000100000000)
  region size 1024K, 1 young (1024K), 1 survivors (1024K)
 Metaspace       used 73870K, committed 74816K, reserved 1114112K
  class space    used 9699K, committed 10112K, reserved 1048576K
}
Event: 6212.310 GC heap before
{Heap before GC invocations=97 (full 0):
 garbage-first heap   total 106496K, used 32992K [0x00000000c1400000, 0x0000000100000000)
  region size 1024K, 5 young (5120K), 1 survivors (1024K)
 Metaspace       used 73870K, committed 74816K, reserved 1114112K
  class space    used 9699K, committed 10112K, reserved 1048576K
}
Event: 6212.408 GC heap after
{Heap after GC invocations=98 (full 0):
 garbage-first heap   total 106496K, used 28902K [0x00000000c1400000, 0x0000000100000000)
  region size 1024K, 1 young (1024K), 1 survivors (1024K)
 Metaspace       used 73870K, committed 74816K, reserved 1114112K
  class space    used 9699K, committed 10112K, reserved 1048576K
}
Event: 6283.496 GC heap before
{Heap before GC invocations=98 (full 0):
 garbage-first heap   total 106496K, used 32998K [0x00000000c1400000, 0x0000000100000000)
  region size 1024K, 5 young (5120K), 1 survivors (1024K)
 Metaspace       used 73870K, committed 74816K, reserved 1114112K
  class space    used 9699K, committed 10112K, reserved 1048576K
}
Event: 6284.025 GC heap after
{Heap after GC invocations=99 (full 0):
 garbage-first heap   total 106496K, used 28806K [0x00000000c1400000, 0x0000000100000000)
  region size 1024K, 1 young (1024K), 1 survivors (1024K)
 Metaspace       used 73870K, committed 74816K, reserved 1114112K
  class space    used 9699K, committed 10112K, reserved 1048576K
}
Event: 6356.039 GC heap before
{Heap before GC invocations=99 (full 0):
 garbage-first heap   total 106496K, used 32902K [0x00000000c1400000, 0x0000000100000000)
  region size 1024K, 5 young (5120K), 1 survivors (1024K)
 Metaspace       used 73870K, committed 74816K, reserved 1114112K
  class space    used 9699K, committed 10112K, reserved 1048576K
}
Event: 6356.216 GC heap after
{Heap after GC invocations=100 (full 0):
 garbage-first heap   total 106496K, used 28797K [0x00000000c1400000, 0x0000000100000000)
  region size 1024K, 1 young (1024K), 1 survivors (1024K)
 Metaspace       used 73870K, committed 74816K, reserved 1114112K
  class space    used 9699K, committed 10112K, reserved 1048576K
}
Event: 6427.282 GC heap before
{Heap before GC invocations=101 (full 0):
 garbage-first heap   total 102400K, used 32893K [0x00000000c1400000, 0x0000000100000000)
  region size 1024K, 5 young (5120K), 1 survivors (1024K)
 Metaspace       used 73870K, committed 74816K, reserved 1114112K
  class space    used 9699K, committed 10112K, reserved 1048576K
}
Event: 6428.446 GC heap after
{Heap after GC invocations=102 (full 0):
 garbage-first heap   total 102400K, used 28771K [0x00000000c1400000, 0x0000000100000000)
  region size 1024K, 1 young (1024K), 1 survivors (1024K)
 Metaspace       used 73870K, committed 74816K, reserved 1114112K
  class space    used 9699K, committed 10112K, reserved 1048576K
}
Event: 6500.521 GC heap before
{Heap before GC invocations=102 (full 0):
 garbage-first heap   total 102400K, used 32867K [0x00000000c1400000, 0x0000000100000000)
  region size 1024K, 5 young (5120K), 1 survivors (1024K)
 Metaspace       used 73870K, committed 74816K, reserved 1114112K
  class space    used 9699K, committed 10112K, reserved 1048576K
}

